[2024-08-08 22:07:51] [ INFO ] [Data:25] Se estableció la conexion
[2024-08-08 22:07:51] [ INFO ] [Data:29] Se creó la tabla
[2024-08-08 22:07:51] [ INFO ] [OdontologoDaoH2:17] Comenzamos a persistir un odontólogo
[2024-08-08 22:07:51] [ ERROR] [OdontologoDaoH2:49] No se generó el odontólogo en la base de datos
[2024-08-08 22:07:51] [ INFO ] [OdontologoDaoH2:53] Se cierra la base de datos
[2024-08-08 22:07:51] [ INFO ] [OdontologoDaoH2:17] Comenzamos a persistir un odontólogo
[2024-08-08 22:07:51] [ ERROR] [OdontologoDaoH2:49] No se generó el odontólogo en la base de datos
[2024-08-08 22:07:51] [ INFO ] [OdontologoDaoH2:53] Se cierra la base de datos
[2024-08-08 22:07:51] [ INFO ] [OdontologoDaoH2:17] Comenzamos a persistir un odontólogo
[2024-08-08 22:07:51] [ ERROR] [OdontologoDaoH2:49] No se generó el odontólogo en la base de datos
[2024-08-08 22:07:51] [ INFO ] [OdontologoDaoH2:53] Se cierra la base de datos
[2024-08-08 22:07:51] [ INFO ] [OdontologoDaoH2:17] Comenzamos a persistir un odontólogo
[2024-08-08 22:07:51] [ ERROR] [OdontologoDaoH2:49] No se generó el odontólogo en la base de datos
[2024-08-08 22:07:51] [ INFO ] [OdontologoDaoH2:53] Se cierra la base de datos
[2024-08-08 22:07:51] [ INFO ] [OdontologoDaoH2:63] Comenzamos a listar a los odontologos
[2024-08-08 22:07:51] [ INFO ] [OdontologoDaoH2:87] Se listaron los odontologos
[2024-08-08 22:07:51] [ INFO ] [OdontologoDaoH2:95] Se cierra la base de datos
[2024-08-08 22:09:35] [ INFO ] [Data:25] Se estableció la conexion
[2024-08-08 22:09:35] [ INFO ] [Data:29] Se creó la tabla
[2024-08-08 22:09:35] [ INFO ] [OdontologoDaoH2:17] Comenzamos a persistir un odontólogo
[2024-08-08 22:09:35] [ ERROR] [OdontologoDaoH2:49] No se generó el odontólogo en la base de datos
[2024-08-08 22:09:35] [ INFO ] [OdontologoDaoH2:53] Se cierra la base de datos
[2024-08-08 22:09:35] [ INFO ] [OdontologoDaoH2:17] Comenzamos a persistir un odontólogo
[2024-08-08 22:09:35] [ ERROR] [OdontologoDaoH2:49] No se generó el odontólogo en la base de datos
[2024-08-08 22:09:35] [ INFO ] [OdontologoDaoH2:53] Se cierra la base de datos
[2024-08-08 22:09:35] [ INFO ] [OdontologoDaoH2:17] Comenzamos a persistir un odontólogo
[2024-08-08 22:09:35] [ ERROR] [OdontologoDaoH2:49] No se generó el odontólogo en la base de datos
[2024-08-08 22:09:35] [ INFO ] [OdontologoDaoH2:53] Se cierra la base de datos
[2024-08-08 22:09:35] [ INFO ] [OdontologoDaoH2:17] Comenzamos a persistir un odontólogo
[2024-08-08 22:09:35] [ ERROR] [OdontologoDaoH2:49] No se generó el odontólogo en la base de datos
[2024-08-08 22:09:35] [ INFO ] [OdontologoDaoH2:53] Se cierra la base de datos
[2024-08-08 22:09:35] [ INFO ] [OdontologoDaoH2:63] Comenzamos a listar a los odontologos
[2024-08-08 22:09:35] [ INFO ] [OdontologoDaoH2:87] Se listaron los odontologos
[2024-08-08 22:09:35] [ INFO ] [OdontologoDaoH2:95] Se cierra la base de datos
[2024-08-08 22:10:18] [ INFO ] [Data:25] Se estableció la conexion
[2024-08-08 22:10:19] [ INFO ] [Data:29] Se creó la tabla
[2024-08-08 22:10:19] [ INFO ] [OdontologoDaoH2:17] Comenzamos a persistir un odontólogo
[2024-08-08 22:10:19] [ INFO ] [OdontologoDaoH2:46] Se generó el odontologo en la base de datos
[2024-08-08 22:10:19] [ INFO ] [OdontologoDaoH2:53] Se cierra la base de datos
[2024-08-08 22:10:19] [ INFO ] [OdontologoDaoH2:17] Comenzamos a persistir un odontólogo
[2024-08-08 22:10:19] [ INFO ] [OdontologoDaoH2:46] Se generó el odontologo en la base de datos
[2024-08-08 22:10:19] [ INFO ] [OdontologoDaoH2:53] Se cierra la base de datos
[2024-08-08 22:10:19] [ INFO ] [OdontologoDaoH2:17] Comenzamos a persistir un odontólogo
[2024-08-08 22:10:19] [ INFO ] [OdontologoDaoH2:46] Se generó el odontologo en la base de datos
[2024-08-08 22:10:19] [ INFO ] [OdontologoDaoH2:53] Se cierra la base de datos
[2024-08-08 22:10:19] [ INFO ] [OdontologoDaoH2:17] Comenzamos a persistir un odontólogo
[2024-08-08 22:10:19] [ INFO ] [OdontologoDaoH2:46] Se generó el odontologo en la base de datos
[2024-08-08 22:10:19] [ INFO ] [OdontologoDaoH2:53] Se cierra la base de datos
[2024-08-08 22:10:19] [ INFO ] [OdontologoDaoH2:63] Comenzamos a listar a los odontologos
[2024-08-08 22:10:19] [ ERROR] [OdontologoDaoH2:91] No se pudieron listar los odontologos
[2024-08-08 22:10:19] [ INFO ] [OdontologoDaoH2:95] Se cierra la base de datos
[2024-08-08 22:11:57] [ INFO ] [Data:25] Se estableció la conexion
[2024-08-08 22:11:57] [ INFO ] [Data:29] Se creó la tabla
[2024-08-08 22:11:57] [ INFO ] [OdontologoDaoH2:17] Comenzamos a persistir un odontólogo
[2024-08-08 22:11:57] [ INFO ] [OdontologoDaoH2:46] Se generó el odontologo en la base de datos
[2024-08-08 22:11:57] [ INFO ] [OdontologoDaoH2:53] Se cierra la base de datos
[2024-08-08 22:11:57] [ INFO ] [OdontologoDaoH2:17] Comenzamos a persistir un odontólogo
[2024-08-08 22:11:57] [ INFO ] [OdontologoDaoH2:46] Se generó el odontologo en la base de datos
[2024-08-08 22:11:57] [ INFO ] [OdontologoDaoH2:53] Se cierra la base de datos
[2024-08-08 22:11:57] [ INFO ] [OdontologoDaoH2:17] Comenzamos a persistir un odontólogo
[2024-08-08 22:11:57] [ INFO ] [OdontologoDaoH2:46] Se generó el odontologo en la base de datos
[2024-08-08 22:11:57] [ INFO ] [OdontologoDaoH2:53] Se cierra la base de datos
[2024-08-08 22:11:57] [ INFO ] [OdontologoDaoH2:17] Comenzamos a persistir un odontólogo
[2024-08-08 22:11:57] [ INFO ] [OdontologoDaoH2:46] Se generó el odontologo en la base de datos
[2024-08-08 22:11:57] [ INFO ] [OdontologoDaoH2:53] Se cierra la base de datos
[2024-08-08 22:11:57] [ INFO ] [OdontologoDaoH2:63] Comenzamos a listar a los odontologos
[2024-08-08 22:11:57] [ INFO ] [OdontologoDaoH2:87] Se listaron los odontologos
[2024-08-08 22:11:57] [ INFO ] [OdontologoDaoH2:95] Se cierra la base de datos
[2024-08-08 22:12:40] [ INFO ] [Data:25] Se estableció la conexion
[2024-08-08 22:12:40] [ INFO ] [Data:29] Se creó la tabla
[2024-08-08 22:12:40] [ INFO ] [OdontologoDaoH2:17] Comenzamos a persistir un odontólogo
[2024-08-08 22:12:40] [ INFO ] [OdontologoDaoH2:46] Se generó el odontologo en la base de datos
[2024-08-08 22:12:40] [ INFO ] [OdontologoDaoH2:53] Se cierra la base de datos
[2024-08-08 22:12:40] [ INFO ] [OdontologoDaoH2:17] Comenzamos a persistir un odontólogo
[2024-08-08 22:12:40] [ INFO ] [OdontologoDaoH2:46] Se generó el odontologo en la base de datos
[2024-08-08 22:12:40] [ INFO ] [OdontologoDaoH2:53] Se cierra la base de datos
[2024-08-08 22:12:40] [ INFO ] [OdontologoDaoH2:17] Comenzamos a persistir un odontólogo
[2024-08-08 22:12:40] [ INFO ] [OdontologoDaoH2:46] Se generó el odontologo en la base de datos
[2024-08-08 22:12:40] [ INFO ] [OdontologoDaoH2:53] Se cierra la base de datos
[2024-08-08 22:12:40] [ INFO ] [OdontologoDaoH2:17] Comenzamos a persistir un odontólogo
[2024-08-08 22:12:40] [ INFO ] [OdontologoDaoH2:46] Se generó el odontologo en la base de datos
[2024-08-08 22:12:40] [ INFO ] [OdontologoDaoH2:53] Se cierra la base de datos
[2024-08-08 22:12:40] [ INFO ] [OdontologoDaoH2:63] Comenzamos a listar a los odontologos
[2024-08-08 22:12:40] [ INFO ] [OdontologoDaoH2:87] Se listaron los odontologos
[2024-08-08 22:12:40] [ INFO ] [OdontologoDaoH2:95] Se cierra la base de datos
[2024-08-08 22:40:31] [ INFO ] [Data:25] Se estableció la conexion
[2024-08-08 22:40:31] [ INFO ] [Data:29] Se creó la tabla
[2024-08-08 22:40:31] [ INFO ] [OdontologoDao2:22] Se agregó el odontologo al listado
[2024-08-08 22:40:31] [ INFO ] [OdontologoDao2:22] Se agregó el odontologo al listado
[2024-08-08 22:40:31] [ INFO ] [OdontologoDao2:22] Se agregó el odontologo al listado
[2024-08-08 22:40:31] [ INFO ] [OdontologoDao2:22] Se agregó el odontologo al listado
[2024-08-08 22:40:31] [ INFO ] [OdontologoDao2:32] Se muestra la lista de odontologos
[2024-08-08 22:41:23] [ INFO ] [Data:25] Se estableció la conexion
[2024-08-08 22:41:23] [ INFO ] [Data:29] Se creó la tabla
[2024-08-08 22:41:23] [ INFO ] [OdontologoDao2:22] Se agregó el odontologo al listado
[2024-08-08 22:41:23] [ INFO ] [OdontologoDao2:22] Se agregó el odontologo al listado
[2024-08-08 22:41:23] [ INFO ] [OdontologoDao2:22] Se agregó el odontologo al listado
[2024-08-08 22:41:23] [ INFO ] [OdontologoDao2:22] Se agregó el odontologo al listado
[2024-08-08 22:41:23] [ INFO ] [OdontologoDao2:32] Se muestra la lista de odontologos
[2024-08-08 22:50:37] [ INFO ] [Data:25] Se estableció la conexion
[2024-08-08 22:50:37] [ INFO ] [Data:29] Se creó la tabla
[2024-08-08 22:50:37] [ INFO ] [OdontologoDao2:24] Se agregó el odontologo al listado
[2024-08-08 22:50:37] [ INFO ] [OdontologoDao2:24] Se agregó el odontologo al listado
[2024-08-08 22:50:37] [ INFO ] [OdontologoDao2:24] Se agregó el odontologo al listado
[2024-08-08 22:50:37] [ INFO ] [OdontologoDao2:24] Se agregó el odontologo al listado
[2024-08-08 22:50:37] [ INFO ] [OdontologoDao2:36] Se muestra la lista de odontologos
[2024-08-08 23:15:05] [ INFO ] [OdontologoDao2:24] Se agregó el odontologo al listado
[2024-08-08 23:15:05] [ INFO ] [OdontologoDao2:24] Se agregó el odontologo al listado
[2024-08-08 23:15:05] [ INFO ] [OdontologoDao2:36] Se muestra la lista de odontologos
[2024-08-08 23:20:33] [ INFO ] [OdontologoDao2:24] Se agregó el odontologo al listado
[2024-08-08 23:20:33] [ INFO ] [OdontologoDao2:24] Se agregó el odontologo al listado
[2024-08-08 23:20:33] [ INFO ] [OdontologoDao2:24] Se agregó el odontologo al listado
[2024-08-08 23:20:33] [ INFO ] [OdontologoDao2:24] Se agregó el odontologo al listado
[2024-08-08 23:20:33] [ INFO ] [OdontologoDao2:36] Se muestra la lista de odontologos
[2024-08-08 23:20:42] [ INFO ] [OdontologoDaoH2:17] Comenzamos a persistir un odontólogo
[2024-08-08 23:20:43] [ INFO ] [OdontologoDaoH2:46] Se generó el odontologo en la base de datos
[2024-08-08 23:20:43] [ INFO ] [OdontologoDaoH2:53] Se cierra la base de datos
[2024-08-08 23:20:43] [ INFO ] [OdontologoDaoH2:17] Comenzamos a persistir un odontólogo
[2024-08-08 23:20:43] [ INFO ] [OdontologoDaoH2:46] Se generó el odontologo en la base de datos
[2024-08-08 23:20:43] [ INFO ] [OdontologoDaoH2:53] Se cierra la base de datos
[2024-08-08 23:20:43] [ INFO ] [OdontologoDaoH2:63] Comenzamos a listar a los odontologos
[2024-08-08 23:20:43] [ INFO ] [OdontologoDaoH2:87] Se listaron los odontologos
[2024-08-08 23:20:43] [ INFO ] [OdontologoDaoH2:95] Se cierra la base de datos
